#
# There is insufficient memory for the Java Runtime Environment to continue.
# Native memory allocation (mmap) failed to map 4128768 bytes. Error detail: G1 virtual space
# Possible reasons:
#   The system is out of physical RAM or swap space
#   This process is running with CompressedOops enabled, and the Java Heap may be blocking the growth of the native heap
# Possible solutions:
#   Reduce memory load on the system
#   Increase physical memory or swap space
#   Check if swap backing store is full
#   Decrease Java heap size (-Xmx/-Xms)
#   Decrease number of Java threads
#   Decrease Java thread stack sizes (-Xss)
#   Set larger code cache with -XX:ReservedCodeCacheSize=
#   JVM is running with Zero Based Compressed Oops mode in which the Java heap is
#     placed in the first 32GB address space. The Java Heap base address is the
#     maximum limit for the native heap growth. Please use -XX:HeapBaseMinAddress
#     to set the Java Heap base and to place the Java Heap above 32GB virtual address.
# This output file may be truncated or incomplete.
#
#  Out of Memory Error (os_windows.cpp:3631), pid=26176, tid=5560
#
# JRE version:  (22.0.1+8) (build )
# Java VM: OpenJDK 64-Bit Server VM (22.0.1+8, mixed mode, sharing, tiered, compressed oops, compressed class ptrs, g1 gc, windows-amd64)
# No core dump will be written. Minidumps are not enabled by default on client versions of Windows
#

---------------  S U M M A R Y ------------

Command Line: -Dmaven.home=EMBEDDED -Dclassworlds.conf=C:\Users\ATULP12\eclipse-workspace\.metadata\.plugins\org.eclipse.m2e.launching\launches\m2conf11223844540083688142.tmp -Dmaven.multiModuleProjectDirectory=C:\Spring-boot-sample-application\spring-boot-backend -Dm2e.build.project.data.socket.port=64385 -Dfile.encoding=UTF-8 -Dstdout.encoding=UTF-8 -Dstderr.encoding=UTF-8 -XX:+ShowCodeDetailsInExceptionMessages -agentpath:C:\Program Files\Palo Alto Networks\Traps\cyjagent.dll org.codehaus.plexus.classworlds.launcher.Launcher -B -Dstyle.color=always clean

Host: 12th Gen Intel(R) Core(TM) i7-1265U, 12 cores, 15G,  Windows 11 , 64 bit Build 22621 (10.0.22621.3374)
Time: Sat Aug  3 18:18:15 2024 India Standard Time elapsed time: 0.070291 seconds (0d 0h 0m 0s)

---------------  T H R E A D  ---------------

Current thread (0x000002c7bfbb2c50):  JavaThread "Unknown thread" [_thread_in_vm, id=5560, stack(0x000000ceaef00000,0x000000ceaf000000) (1024K)]

Stack: [0x000000ceaef00000,0x000000ceaf000000]
Native frames: (J=compiled Java code, j=interpreted, Vv=VM code, C=native code)
V  [jvm.dll+0x6ea239]  (no source info available)
V  [jvm.dll+0x8ccf93]  (no source info available)
V  [jvm.dll+0x8cf3be]  (no source info available)
V  [jvm.dll+0x8cfa93]  (no source info available)
V  [jvm.dll+0x286ea6]  (no source info available)
V  [jvm.dll+0x6e68c5]  (no source info available)
V  [jvm.dll+0x6db54a]  (no source info available)
V  [jvm.dll+0x3601ba]  (no source info available)
V  [jvm.dll+0x368686]  (no source info available)
V  [jvm.dll+0x3ba453]  (no source info available)
V  [jvm.dll+0x3ba6e8]  (no source info available)
V  [jvm.dll+0x333cbc]  (no source info available)
V  [jvm.dll+0x334878]  (no source info available)
V  [jvm.dll+0x894ebc]  (no source info available)
V  [jvm.dll+0x3c7531]  (no source info available)
V  [jvm.dll+0x87dc3c]  (no source info available)
V  [jvm.dll+0x460e3e]  (no source info available)
V  [jvm.dll+0x462c51]  (no source info available)
C  [cyvrtrap.dll+0xfa13]  (no source info available)
C  [jli.dll+0x5278]  (no source info available)
C  [ucrtbase.dll+0x29333]  (no source info available)
C  [cyinjct.dll+0x11e7]  (no source info available)
C  [KERNEL32.DLL+0x1257d]  (no source info available)
C  [ntdll.dll+0x5aa48]  (no source info available)


---------------  P R O C E S S  ---------------

Threads class SMR info:
_java_thread_list=0x00007ffb6197c688, length=0, elements={
}

Java Threads: ( => current thread )
Total: 0

Other Threads:
  0x000002c7c1aae480 WorkerThread "GC Thread#0"                     [id=17200, stack(0x000000ceaf000000,0x000000ceaf100000) (1024K)]
  0x000002c7da260080 ConcurrentGCThread "G1 Main Marker"            [id=1068, stack(0x000000ceaf100000,0x000000ceaf200000) (1024K)]
  0x000002c7da2609a0 WorkerThread "G1 Conc#0"                       [id=13088, stack(0x000000ceaf200000,0x000000ceaf300000) (1024K)]

[error occurred during error reporting (printing all threads), id 0xc0000005, EXCEPTION_ACCESS_VIOLATION (0xc0000005) at pc=0x00007ffb61066b17]
VM state: not at safepoint (not fully initialized)

VM Mutex/Monitor currently owned by a thread:  ([mutex/lock_event])
[0x00007ffb61a000a8] Heap_lock - owner thread: 0x000002c7bfbb2c50

Heap address: 0x0000000705a00000, size: 4006 MB, Compressed Oops mode: Zero based, Oop shift amount: 3

CDS archive(s) mapped at: [0x0000000000000000-0x0000000000000000-0x0000000000000000), size 0, SharedBaseAddress: 0x0000000800000000, ArchiveRelocationMode: 1.
Narrow klass base: 0x0000000000000000, Narrow klass shift: 0, Narrow klass range: 0x0

GC Precious Log:
 CardTable entry size: 512
 Card Set container configuration: InlinePtr #cards 4 size 8 Array Of Cards #cards 16 size 48 Howl #buckets 8 coarsen threshold 3686 Howl Bitmap #cards 512 size 80 coarsen threshold 460 Card regions per heap region 1 cards per card region 4096

Heap:
 garbage-first heap   total reserved 4102144K, committed 0K, used 0K [0x0000000705a00000, 0x0000000800000000)
  region size 2048K, 0 young (0K), 0 survivors (0K)

[error occurred during error reporting (printing heap information), id 0xc0000005, EXCEPTION_ACCESS_VIOLATION (0xc0000005) at pc=0x00007ffb61466e29]
GC Heap History (0 events):
No events

Dll operation events (1 events):
Event: 0.047 Loaded shared library C:\Users\ATULP12\.p2\pool\plugins\org.eclipse.justj.openjdk.hotspot.jre.full.win32.x86_64_22.0.1.v20240426-1149\jre\bin\java.dll

Deoptimization events (0 events):
No events

Classes loaded (0 events):
No events

Classes unloaded (0 events):
No events

Classes redefined (0 events):
No events

Internal exceptions (0 events):
No events

ZGC Phase Switch (0 events):
No events

VM Operations (0 events):
No events

Events (0 events):
No events


Dynamic libraries:
0x00007ff682320000 - 0x00007ff68232e000 	C:\Users\ATULP12\.p2\pool\plugins\org.eclipse.justj.openjdk.hotspot.jre.full.win32.x86_64_22.0.1.v20240426-1149\jre\bin\javaw.exe
0x00007ffbb40d0000 - 0x00007ffbb42e6000 	C:\Windows\SYSTEM32\ntdll.dll
0x00007ffbb3e10000 - 0x00007ffbb3ed4000 	C:\Windows\System32\KERNEL32.DLL
0x00007ffbb3a60000 - 0x00007ffbb3e07000 	C:\Windows\System32\KERNELBASE.dll
0x000000007b5e0000 - 0x000000007b61b000 	C:\Windows\System32\cyinjct.dll
0x00007ffbb38f0000 - 0x00007ffbb38fc000 	C:\Windows\System32\ntnativeapi.dll
0x00007ffb958a0000 - 0x00007ffb958b7000 	C:\Users\ATULP12\.p2\pool\plugins\org.eclipse.justj.openjdk.hotspot.jre.full.win32.x86_64_22.0.1.v20240426-1149\jre\bin\jli.dll
0x000002c7bfc70000 - 0x000002c7bfe1e000 	C:\Windows\System32\USER32.dll
0x00007ffbb15a0000 - 0x00007ffbb15c6000 	C:\Windows\System32\win32u.dll
0x00007ffbb2440000 - 0x00007ffbb2469000 	C:\Windows\System32\GDI32.dll
0x00007ffbb16f0000 - 0x00007ffbb1809000 	C:\Windows\System32\gdi32full.dll
0x00007ffbb1500000 - 0x00007ffbb159a000 	C:\Windows\System32\msvcp_win.dll
0x000002c7bfe20000 - 0x000002c7bff31000 	C:\Windows\System32\ucrtbase.dll
0x00007ffb95660000 - 0x00007ffb9567b000 	C:\Users\ATULP12\.p2\pool\plugins\org.eclipse.justj.openjdk.hotspot.jre.full.win32.x86_64_22.0.1.v20240426-1149\jre\bin\VCRUNTIME140.dll
0x00007ffb97100000 - 0x00007ffb97393000 	C:\Windows\WinSxS\amd64_microsoft.windows.common-controls_6595b64144ccf1df_6.0.22621.3235_none_270f74e173860f98\COMCTL32.dll
0x00007ffbb36b0000 - 0x00007ffbb3757000 	C:\Windows\System32\msvcrt.dll
0x00007ffbb38d0000 - 0x00007ffbb38ee000 	C:\Windows\System32\cyvera.dll
0x00007ffbb3860000 - 0x00007ffbb38ce000 	C:\Windows\System32\cyvrtrap.dll
0x00007ffbb2400000 - 0x00007ffbb2431000 	C:\Windows\System32\IMM32.DLL
0x00007ffb53f90000 - 0x00007ffb54034000 	C:\Program Files\McAfee\Endpoint Security\Threat Prevention\Ips\EpMPApi.dll
0x00007ffbb3940000 - 0x00007ffbb3a55000 	C:\Windows\System32\RPCRT4.dll
0x00007ffbb3760000 - 0x00007ffbb3812000 	C:\Windows\System32\ADVAPI32.dll
0x00007ffbb26a0000 - 0x00007ffbb2748000 	C:\Windows\System32\sechost.dll
0x00007ffbb15d0000 - 0x00007ffbb15f8000 	C:\Windows\System32\bcrypt.dll
0x00007ffbb1600000 - 0x00007ffbb166b000 	C:\Windows\System32\WINTRUST.dll
0x00007ffbb12d0000 - 0x00007ffbb1437000 	C:\Windows\System32\CRYPT32.dll
0x00007ffbb0ad0000 - 0x00007ffbb0ae2000 	C:\Windows\SYSTEM32\MSASN1.dll
0x000000005aff0000 - 0x000000005affc000 	C:\Program Files\McAfee\Endpoint Security\Threat Prevention\Ips\EpMPThe.dll
0x00007ffbab930000 - 0x00007ffbab93c000 	C:\Users\ATULP12\.p2\pool\plugins\org.eclipse.justj.openjdk.hotspot.jre.full.win32.x86_64_22.0.1.v20240426-1149\jre\bin\vcruntime140_1.dll
0x00007ffb91aa0000 - 0x00007ffb91b2e000 	C:\Users\ATULP12\.p2\pool\plugins\org.eclipse.justj.openjdk.hotspot.jre.full.win32.x86_64_22.0.1.v20240426-1149\jre\bin\msvcp140.dll
0x00007ffb60d20000 - 0x00007ffb61ae2000 	C:\Users\ATULP12\.p2\pool\plugins\org.eclipse.justj.openjdk.hotspot.jre.full.win32.x86_64_22.0.1.v20240426-1149\jre\bin\server\jvm.dll
0x00007ffbb3630000 - 0x00007ffbb36a1000 	C:\Windows\System32\WS2_32.dll
0x00007ffbb11a0000 - 0x00007ffbb11ed000 	C:\Windows\SYSTEM32\POWRPROF.dll
0x00007ffba99b0000 - 0x00007ffba99e4000 	C:\Windows\SYSTEM32\WINMM.dll
0x00007ffba0680000 - 0x00007ffba068a000 	C:\Windows\SYSTEM32\VERSION.dll
0x00007ffbb10d0000 - 0x00007ffbb10e3000 	C:\Windows\SYSTEM32\UMPDC.dll
0x00007ffbb01e0000 - 0x00007ffbb01f8000 	C:\Windows\SYSTEM32\kernel.appcore.dll
0x00007ffbaa6a0000 - 0x00007ffbaa6aa000 	C:\Users\ATULP12\.p2\pool\plugins\org.eclipse.justj.openjdk.hotspot.jre.full.win32.x86_64_22.0.1.v20240426-1149\jre\bin\jimage.dll
0x00007ffbae860000 - 0x00007ffbaea93000 	C:\Windows\SYSTEM32\DBGHELP.DLL
0x00007ffbb2070000 - 0x00007ffbb23f8000 	C:\Windows\System32\combase.dll
0x00007ffbb1df0000 - 0x00007ffbb1ec7000 	C:\Windows\System32\OLEAUT32.dll
0x00007ffb8bd70000 - 0x00007ffb8bda2000 	C:\Windows\SYSTEM32\dbgcore.DLL
0x00007ffbb1670000 - 0x00007ffbb16e9000 	C:\Windows\System32\bcryptPrimitives.dll
0x00007ffbb3820000 - 0x00007ffbb3857000 	C:\Program Files\Palo Alto Networks\Traps\cyjagent.dll
0x00007ffba9700000 - 0x00007ffba971e000 	C:\Users\ATULP12\.p2\pool\plugins\org.eclipse.justj.openjdk.hotspot.jre.full.win32.x86_64_22.0.1.v20240426-1149\jre\bin\java.dll
0x00007ffbb27b0000 - 0x00007ffbb300c000 	C:\Windows\System32\SHELL32.dll
0x00007ffbb19c0000 - 0x00007ffbb1b65000 	C:\Windows\System32\ole32.dll

dbghelp: loaded successfully - version: 4.0.5 - missing functions: none
symbol engine: initialized successfully - sym options: 0x614 - pdb path: .;C:\Users\ATULP12\.p2\pool\plugins\org.eclipse.justj.openjdk.hotspot.jre.full.win32.x86_64_22.0.1.v20240426-1149\jre\bin;C:\Windows\SYSTEM32;C:\Windows\WinSxS\amd64_microsoft.windows.common-controls_6595b64144ccf1df_6.0.22621.3235_none_270f74e173860f98;C:\Program Files\McAfee\Endpoint Security\Threat Prevention\Ips;C:\Users\ATULP12\.p2\pool\plugins\org.eclipse.justj.openjdk.hotspot.jre.full.win32.x86_64_22.0.1.v20240426-1149\jre\bin\server;C:\Program Files\Palo Alto Networks\Traps

VM Arguments:
jvm_args: -Dmaven.home=EMBEDDED -Dclassworlds.conf=C:\Users\ATULP12\eclipse-workspace\.metadata\.plugins\org.eclipse.m2e.launching\launches\m2conf11223844540083688142.tmp -Dmaven.multiModuleProjectDirectory=C:\Spring-boot-sample-application\spring-boot-backend -Dm2e.build.project.data.socket.port=64385 -Dfile.encoding=UTF-8 -Dstdout.encoding=UTF-8 -Dstderr.encoding=UTF-8 -XX:+ShowCodeDetailsInExceptionMessages -agentpath:C:\Program Files\Palo Alto Networks\Traps\cyjagent.dll 
java_command: org.codehaus.plexus.classworlds.launcher.Launcher -B -Dstyle.color=always clean
java_class_path (initial): C:\Users\ATULP12\.p2\pool\plugins\org.eclipse.m2e.maven.runtime_3.9.700.20240602-2313\jars\plexus-classworlds-2.8.0.jar
Launcher Type: SUN_STANDARD

[Global flags]
     intx CICompilerCount                          = 4                                         {product} {ergonomic}
     uint ConcGCThreads                            = 3                                         {product} {ergonomic}
     uint G1ConcRefinementThreads                  = 10                                        {product} {ergonomic}
   size_t G1HeapRegionSize                         = 2097152                                   {product} {ergonomic}
   size_t InitialHeapSize                          = 264241152                                 {product} {ergonomic}
   size_t MarkStackSize                            = 4194304                                   {product} {ergonomic}
   size_t MaxHeapSize                              = 4200595456                                {product} {ergonomic}
   size_t MinHeapDeltaBytes                        = 2097152                                   {product} {ergonomic}
   size_t MinHeapSize                              = 8388608                                   {product} {ergonomic}
    uintx NonNMethodCodeHeapSize                   = 5839372                                {pd product} {ergonomic}
    uintx NonProfiledCodeHeapSize                  = 122909434                              {pd product} {ergonomic}
    uintx ProfiledCodeHeapSize                     = 122909434                              {pd product} {ergonomic}
    uintx ReservedCodeCacheSize                    = 251658240                              {pd product} {ergonomic}
     bool SegmentedCodeCache                       = true                                      {product} {ergonomic}
     bool ShowCodeDetailsInExceptionMessages       = true                                   {manageable} {command line}
   size_t SoftMaxHeapSize                          = 4200595456                             {manageable} {ergonomic}
     bool UseCompressedOops                        = true                           {product lp64_product} {ergonomic}
     bool UseG1GC                                  = true                                      {product} {ergonomic}
     bool UseLargePagesIndividualAllocation        = false                                  {pd product} {ergonomic}

Logging:
Log output configuration:
 #0: stdout all=warning uptime,level,tags foldmultilines=false
 #1: stderr all=off uptime,level,tags foldmultilines=false

Environment Variables:
PATH=C:/Users/ATULP12/.p2/pool/plugins/org.eclipse.justj.openjdk.hotspot.jre.full.win32.x86_64_22.0.1.v20240426-1149/jre/bin/server;C:/Users/ATULP12/.p2/pool/plugins/org.eclipse.justj.openjdk.hotspot.jre.full.win32.x86_64_22.0.1.v20240426-1149/jre/bin;C:\Program Files\Common Files\Oracle\Java\javapath;C:\Program Files\Python312\Scripts\;C:\Program Files\Python312\;C:\Program Files\Java\jdk1.8.0_201\bin;C:\Program Files\Microsoft VS Code\bin;C:\Program Files\nodejs\;C:\Program Files\Git\cmd;C:\Users\ATULP12\AppData\Local\Microsoft\WindowsApps;C:\Users\ATULP12\AppData\Roaming\npm;C:\Windows\system32;
USERNAME=atulp12
OS=Windows_NT
PROCESSOR_IDENTIFIER=Intel64 Family 6 Model 154 Stepping 4, GenuineIntel
TMP=C:\Users\ATULP12\AppData\Local\Temp
TEMP=C:\Users\ATULP12\AppData\Local\Temp




Periodic native trim disabled

---------------  S Y S T E M  ---------------

OS:
 Windows 11 , 64 bit Build 22621 (10.0.22621.3374)
OS uptime: 1 days 0:46 hours
Hyper-V role detected

CPU: total 12 (initial active 12) (6 cores per cpu, 2 threads per core) family 6 model 154 stepping 4 microcode 0x430, cx8, cmov, fxsr, ht, mmx, 3dnowpref, sse, sse2, sse3, ssse3, sse4.1, sse4.2, popcnt, lzcnt, tsc, tscinvbit, avx, avx2, aes, erms, clmul, bmi1, bmi2, adx, sha, fma, vzeroupper, clflush, clflushopt, clwb, hv, serialize, rdtscp, rdpid, fsrm, f16c, cet_ibt, cet_ss
Processor Information for processor 0
  Max Mhz: 1800, Current Mhz: 1472, Mhz Limit: 1800
Processor Information for processor 1
  Max Mhz: 1800, Current Mhz: 1800, Mhz Limit: 1800
Processor Information for processor 2
  Max Mhz: 1800, Current Mhz: 1800, Mhz Limit: 1800
Processor Information for processor 3
  Max Mhz: 1800, Current Mhz: 1800, Mhz Limit: 1800
Processor Information for processor 4
  Max Mhz: 1800, Current Mhz: 1300, Mhz Limit: 1296
Processor Information for processor 5
  Max Mhz: 1800, Current Mhz: 1300, Mhz Limit: 1296
Processor Information for processor 6
  Max Mhz: 1800, Current Mhz: 1300, Mhz Limit: 1296
Processor Information for processor 7
  Max Mhz: 1800, Current Mhz: 1300, Mhz Limit: 1296
Processor Information for processor 8
  Max Mhz: 1800, Current Mhz: 1300, Mhz Limit: 1296
Processor Information for processor 9
  Max Mhz: 1800, Current Mhz: 1300, Mhz Limit: 1296
Processor Information for processor 10
  Max Mhz: 1800, Current Mhz: 1300, Mhz Limit: 1296
Processor Information for processor 11
  Max Mhz: 1800, Current Mhz: 1300, Mhz Limit: 1296

Memory: 4k page, system-wide physical 16016M (4837M free)
TotalPageFile size 16016M (AvailPageFile size 8M)
current process WorkingSet (physical memory assigned to process): 15M, peak: 15M
current process commit charge ("private bytes"): 321M, peak: 325M

vm_info: OpenJDK 64-Bit Server VM (22.0.1+8) for windows-amd64 JRE (22.0.1+8), built on 2024-04-16T00:00:00Z by "admin" with MS VC++ 17.7 (VS2022)

END.
